C51 COMPILER V9.54   LCD1602                                                               08/07/2022 13:01:27 PAGE 1   


C51 COMPILER V9.54, COMPILATION OF MODULE LCD1602
OBJECT MODULE PLACED IN .\Objects\lcd1602.obj
COMPILER INVOKED BY: d:\my file\download\C51\BIN\C51.EXE ..\source\lcd1602.c OPTIMIZE(8,SPEED) BROWSE DEBUG OBJECTEXTEND
                    - PRINT(.\Listings\lcd1602.lst) TABS(2) OBJECT(.\Objects\lcd1602.obj)

line level    source

   1          #include "lcd1602.h"
*** ERROR C141 IN LINE 5 OF ..\source\lcd1602.h: syntax error near 'X', expected ')'
*** ERROR C141 IN LINE 7 OF ..\source\lcd1602.h: syntax error near 'X', expected ')'
   2          #include "main.h"
   3          
   4          //判断液晶忙，并等待
   5          void Read_Busy()
   6          {
   7   1        uchar busy;
   8   1        LCD1602_DB = 0xff;
   9   1        LCD1602_RS = 0;
  10   1        LCD1602_RW = 1;
  11   1        do
  12   1        {
  13   2          LCD1602_EN = 1;
  14   2          busy = LCD1602_DB;
  15   2          LCD1602_EN = 0;
  16   2        }while(busy & 0x80); 
  17   1      }
  18          
  19          //写命令
  20          void LCD1602_Write_Cmd(uchar cmd)
  21          {
  22   1        Read_Busy();
  23   1        LCD1602_RS = 0;  
  24   1        LCD1602_RW = 0;
  25   1        LCD1602_DB = cmd;
  26   1        LCD1602_EN = 1; 
  27   1        LCD1602_EN = 0; 
  28   1      }
  29          
  30          //写数据
  31          void LCD1602_Write_Dat(uchar dat)
  32          {
  33   1        Read_Busy();
  34   1        LCD1602_RS = 1;
  35   1        LCD1602_RW = 0; 
  36   1        LCD1602_DB = dat; 
  37   1        LCD1602_EN = 1; 
  38   1        LCD1602_EN = 0; 
  39   1      }
  40          
  41          ////清屏
  42          //void LCD1602_Clear_Screen()
  43          //{
  44          //  LCD1602_Write_Cmd(0x01);
  45          //}
  46          
  47          ////打开光标闪烁
  48          //void LCD1602_Open_Cursor()
  49          //{
  50          //  LCD1602_Write_Cmd(0x0F);
  51          //}
  52          
C51 COMPILER V9.54   LCD1602                                                               08/07/2022 13:01:27 PAGE 2   

  53          ////关闭光标显示
  54          //void LCD1602_Close_Cursor()
  55          //{
  56          //  LCD1602_Write_Cmd(0x0C);
  57          //}
  58          
  59          //指定位置显示坐标
  60          void LCD1602_Set_Cursor(uchar x, uchar y)
  61          {
*** ERROR C236 IN LINE 61 OF ..\source\lcd1602.c: '_LCD1602_Set_Cursor': different length of parameter lists
  62   1        if(y) x |= 0x40;//y=1
  63   1        x |= 0x80;
  64   1        LCD1602_Write_Cmd(x);
  65   1      }
  66          
  67          ////在指定位置显示一个字符
  68          //void LCD1602_Dis_OneChar(uchar x, uchar y, uchar dat)
  69          //{
  70          //  LCD1602_Set_Cursor(x, y);
  71          //  LCD1602_Write_Dat(dat); 
  72          //}
  73          
  74          //在指定位置显示字符串
  75          void LCD1602_Dis_Str(uchar x, uchar y, uchar *str)
  76          {
*** ERROR C236 IN LINE 76 OF ..\source\lcd1602.c: '_LCD1602_Dis_Str': different length of parameter lists
  77   1        LCD1602_Set_Cursor(x, y);
  78   1        while(*str != '\0')  
  79   1        {
  80   2          LCD1602_Write_Dat(*str++);
  81   2        }
  82   1      }
  83          
  84          //LCD1602初始化
  85          void Init_LCD1602()
  86          {
  87   1        LCD1602_Write_Cmd(0x38);
  88   1        LCD1602_Write_Cmd(0x0c);
  89   1        LCD1602_Write_Cmd(0x06);
  90   1        LCD1602_Write_Cmd(0x01);
  91   1      }

C51 COMPILATION COMPLETE.  0 WARNING(S),  4 ERROR(S)
